<?xml version="1.0" encoding="utf-8"?><testsuites name="pytest tests"><testsuite name="pytest" errors="0" failures="1" skipped="0" tests="19" time="5.190" timestamp="2026-01-29T16:47:16.117335+00:00" hostname="agent-env-fd03ea6f-f350-4499-a9f2-33dfc84ac0bf"><testcase classname="backend.tests.test_hwh_api.TestHealthCheck" name="test_health_endpoint" time="0.086" /><testcase classname="backend.tests.test_hwh_api.TestHealthCheck" name="test_root_endpoint" time="0.043" /><testcase classname="backend.tests.test_hwh_api.TestAdminAuth" name="test_admin_login_success" time="0.307" /><testcase classname="backend.tests.test_hwh_api.TestAdminAuth" name="test_admin_login_invalid_credentials" time="0.261" /><testcase classname="backend.tests.test_hwh_api.TestAdminDashboard" name="test_admin_stats" time="0.339" /><testcase classname="backend.tests.test_hwh_api.TestAdminDashboard" name="test_admin_players_list" time="0.305" /><testcase classname="backend.tests.test_hwh_api.TestAdminDashboard" name="test_admin_projects_list" time="0.306" /><testcase classname="backend.tests.test_hwh_api.TestAdminExport" name="test_export_players_csv" time="0.315" /><testcase classname="backend.tests.test_hwh_api.TestAdminExport" name="test_export_players_json" time="0.297" /><testcase classname="backend.tests.test_hwh_api.TestAdminExport" name="test_export_projects_csv" time="0.298" /><testcase classname="backend.tests.test_hwh_api.TestAdminExport" name="test_export_submissions_csv" time="0.311" /><testcase classname="backend.tests.test_hwh_api.TestCoachRegistration" name="test_coach_register" time="0.284" /><testcase classname="backend.tests.test_hwh_api.TestCoachRegistration" name="test_coach_register_duplicate" time="0.304" /><testcase classname="backend.tests.test_hwh_api.TestCoachLogin" name="test_coach_login_unverified" time="0.527" /><testcase classname="backend.tests.test_hwh_api.TestCoachLogin" name="test_coach_login_invalid" time="0.045" /><testcase classname="backend.tests.test_hwh_api.TestCoachSubscription" name="test_subscription_tiers" time="0.038" /><testcase classname="backend.tests.test_hwh_api.TestCoachMessaging" name="test_messages_requires_elite" time="0.298" /><testcase classname="backend.tests.test_hwh_api.TestCoachMessaging" name="test_elite_coaches_requires_elite" time="0.304" /><testcase classname="backend.tests.test_hwh_api.TestCoachProspects" name="test_browse_prospects" time="0.306"><failure message="AssertionError: assert 'players' in {'page': 1, 'page_size': 20, 'prospects': [{'city': 'Fayetteville', 'gender': 'female', 'grad_class': '2030', 'has_film': True, ...}], 'total': 1}">backend/tests/test_hwh_api.py:366: in test_browse_prospects
    assert "players" in data
E   AssertionError: assert 'players' in {'page': 1, 'page_size': 20, 'prospects': [{'city': 'Fayetteville', 'gender': 'female', 'grad_class': '2030', 'has_film': True, ...}], 'total': 1}</failure></testcase></testsuite></testsuites>